#
# There is insufficient memory for the Java Runtime Environment to continue.
# Native memory allocation (malloc) failed to allocate 2188224 bytes. Error detail: Chunk::new
# Possible reasons:
#   The system is out of physical RAM or swap space
#   This process is running with CompressedOops enabled, and the Java Heap may be blocking the growth of the native heap
# Possible solutions:
#   Reduce memory load on the system
#   Increase physical memory or swap space
#   Check if swap backing store is full
#   Decrease Java heap size (-Xmx/-Xms)
#   Decrease number of Java threads
#   Decrease Java thread stack sizes (-Xss)
#   Set larger code cache with -XX:ReservedCodeCacheSize=
#   JVM is running with Unscaled Compressed Oops mode in which the Java heap is
#     placed in the first 4GB address space. The Java Heap base address is the
#     maximum limit for the native heap growth. Please use -XX:HeapBaseMinAddress
#     to set the Java Heap base and to place the Java Heap above 4GB virtual address.
# This output file may be truncated or incomplete.
#
#  Out of Memory Error (arena.cpp:168), pid=17332, tid=22568
#
# JRE version: OpenJDK Runtime Environment Temurin-21.0.8+9 (21.0.8+9) (build 21.0.8+9-LTS)
# Java VM: OpenJDK 64-Bit Server VM Temurin-21.0.8+9 (21.0.8+9-LTS, mixed mode, sharing, tiered, compressed oops, compressed class ptrs, parallel gc, windows-amd64)
# No core dump will be written. Minidumps are not enabled by default on client versions of Windows
#

---------------  S U M M A R Y ------------

Command Line: --add-modules=ALL-SYSTEM --add-opens=java.base/java.util=ALL-UNNAMED --add-opens=java.base/java.lang=ALL-UNNAMED --add-opens=java.base/sun.nio.fs=ALL-UNNAMED -Declipse.application=org.eclipse.jdt.ls.core.id1 -Dosgi.bundles.defaultStartLevel=4 -Declipse.product=org.eclipse.jdt.ls.core.product -Djava.import.generatesMetadataFilesAtProjectRoot=false -DDetectVMInstallationsJob.disabled=true -Dfile.encoding=utf8 -XX:+UseParallelGC -XX:GCTimeRatio=4 -XX:AdaptiveSizePolicyWeight=90 -Dsun.zip.disableMemoryMapping=true -Xmx2G -Xms100m -Xlog:disable -javaagent:c:\Users\abc\.vscode\extensions\redhat.java-1.47.0-win32-x64\lombok\lombok-1.18.39-4050.jar c:\Users\abc\.vscode\extensions\redhat.java-1.47.0-win32-x64\server\plugins\org.eclipse.equinox.launcher_1.7.100.v20251014-1222.jar -configuration c:\Users\abc\AppData\Roaming\Code\User\globalStorage\redhat.java\1.47.0\config_ss_win -data c:\Users\abc\AppData\Roaming\Code\User\workspaceStorage\185489f4c301f247c4d9f6370863928d\redhat.java\ss_ws --pipe=\\.\pipe\lsp-1a21561cf1e5320a09efb95eaf8058f4-sock

Host: 11th Gen Intel(R) Core(TM) i5-1135G7 @ 2.40GHz, 8 cores, 7G,  Windows 11 , 64 bit Build 26100 (10.0.26100.7019)
Time: Wed Nov 12 17:46:53 2025 SE Asia Standard Time elapsed time: 14.541116 seconds (0d 0h 0m 14s)

---------------  T H R E A D  ---------------

Current thread (0x00000227c7c0c850):  JavaThread "C2 CompilerThread1" daemon [_thread_in_native, id=22568, stack(0x000000cd93400000,0x000000cd93500000) (1024K)]


Current CompileTask:
C2:14541 7251   !   4       lombok.core.AST::buildWithField0 (121 bytes)

Stack: [0x000000cd93400000,0x000000cd93500000]
Native frames: (J=compiled Java code, j=interpreted, Vv=VM code, C=native code)
V  [jvm.dll+0x6d2449]
V  [jvm.dll+0x8ae341]
V  [jvm.dll+0x8b08be]
V  [jvm.dll+0x8b0fa3]
V  [jvm.dll+0x280c96]
V  [jvm.dll+0xc581d]
V  [jvm.dll+0xc5d53]
V  [jvm.dll+0x3b919c]
V  [jvm.dll+0x1e1409]
V  [jvm.dll+0x249022]
V  [jvm.dll+0x2484af]
V  [jvm.dll+0x1c89ee]
V  [jvm.dll+0x257d4d]
V  [jvm.dll+0x2562ea]
V  [jvm.dll+0x3f2d16]
V  [jvm.dll+0x857e6b]
V  [jvm.dll+0x6d0b0d]
C  [ucrtbase.dll+0x37b0]
C  [KERNEL32.DLL+0x2e8d7]
C  [ntdll.dll+0x8c53c]


---------------  P R O C E S S  ---------------

Threads class SMR info:
_java_thread_list=0x00000227c7b72bc0, length=37, elements={
0x00000227e6e02720, 0x00000227e920ab70, 0x00000227e920c990, 0x00000227e90c6890,
0x00000227e90c73e0, 0x00000227e90cb1f0, 0x00000227e90d1580, 0x00000227e90fce40,
0x00000227e90fe440, 0x00000227c252aec0, 0x00000227c27aade0, 0x00000227c72566a0,
0x00000227c74dbb60, 0x00000227c74dc1c0, 0x00000227c7a20040, 0x00000227c7611b40,
0x00000227c2648690, 0x00000227c7b625a0, 0x00000227c7b69d00, 0x00000227c7df5bd0,
0x00000227c7df89c0, 0x00000227c7df6260, 0x00000227c7df9050, 0x00000227c7df6f80,
0x00000227c7df8330, 0x00000227c7df68f0, 0x00000227c7df7610, 0x00000227c7df7ca0,
0x00000227c9572800, 0x00000227c9572e90, 0x00000227c9573520, 0x00000227c9572170,
0x00000227c9573bb0, 0x00000227c9574240, 0x00000227c9570dc0, 0x00000227c95748d0,
0x00000227c7c0c850
}

Java Threads: ( => current thread )
  0x00000227e6e02720 JavaThread "main"                              [_thread_blocked, id=8024, stack(0x000000cd91700000,0x000000cd91800000) (1024K)]
  0x00000227e920ab70 JavaThread "Reference Handler"          daemon [_thread_blocked, id=16204, stack(0x000000cd91b00000,0x000000cd91c00000) (1024K)]
  0x00000227e920c990 JavaThread "Finalizer"                  daemon [_thread_blocked, id=24088, stack(0x000000cd91c00000,0x000000cd91d00000) (1024K)]
  0x00000227e90c6890 JavaThread "Signal Dispatcher"          daemon [_thread_blocked, id=6416, stack(0x000000cd91d00000,0x000000cd91e00000) (1024K)]
  0x00000227e90c73e0 JavaThread "Attach Listener"            daemon [_thread_blocked, id=6652, stack(0x000000cd91e00000,0x000000cd91f00000) (1024K)]
  0x00000227e90cb1f0 JavaThread "Service Thread"             daemon [_thread_blocked, id=20952, stack(0x000000cd91f00000,0x000000cd92000000) (1024K)]
  0x00000227e90d1580 JavaThread "Monitor Deflation Thread"   daemon [_thread_blocked, id=22352, stack(0x000000cd92000000,0x000000cd92100000) (1024K)]
  0x00000227e90fce40 JavaThread "C2 CompilerThread0"         daemon [_thread_in_native, id=9004, stack(0x000000cd92100000,0x000000cd92200000) (1024K)]
  0x00000227e90fe440 JavaThread "C1 CompilerThread0"         daemon [_thread_blocked, id=13420, stack(0x000000cd92200000,0x000000cd92300000) (1024K)]
  0x00000227c252aec0 JavaThread "Common-Cleaner"             daemon [_thread_blocked, id=14612, stack(0x000000cd92300000,0x000000cd92400000) (1024K)]
  0x00000227c27aade0 JavaThread "Notification Thread"        daemon [_thread_blocked, id=14152, stack(0x000000cd92500000,0x000000cd92600000) (1024K)]
  0x00000227c72566a0 JavaThread "Active Thread: Equinox Container: 1bef9b40-436a-411c-8769-09e46d358727"        [_thread_blocked, id=24424, stack(0x000000cd92c00000,0x000000cd92d00000) (1024K)]
  0x00000227c74dbb60 JavaThread "Framework Event Dispatcher: Equinox Container: 1bef9b40-436a-411c-8769-09e46d358727" daemon [_thread_blocked, id=20860, stack(0x000000cd92d00000,0x000000cd92e00000) (1024K)]
  0x00000227c74dc1c0 JavaThread "Start Level: Equinox Container: 1bef9b40-436a-411c-8769-09e46d358727" daemon [_thread_blocked, id=18844, stack(0x000000cd92e00000,0x000000cd92f00000) (1024K)]
  0x00000227c7a20040 JavaThread "SCR Component Actor"        daemon [_thread_blocked, id=22952, stack(0x000000cd93000000,0x000000cd93100000) (1024K)]
  0x00000227c7611b40 JavaThread "Worker-JM"                         [_thread_blocked, id=17300, stack(0x000000cd93100000,0x000000cd93200000) (1024K)]
  0x00000227c2648690 JavaThread "JNA Cleaner"                daemon [_thread_blocked, id=19812, stack(0x000000cd92400000,0x000000cd92500000) (1024K)]
  0x00000227c7b625a0 JavaThread "Worker-0"                          [_thread_blocked, id=12892, stack(0x000000cd93200000,0x000000cd93300000) (1024K)]
  0x00000227c7b69d00 JavaThread "Worker-1"                          [_thread_blocked, id=1360, stack(0x000000cd93300000,0x000000cd93400000) (1024K)]
  0x00000227c7df5bd0 JavaThread "Thread-1"                   daemon [_thread_in_native, id=24100, stack(0x000000cd93700000,0x000000cd93800000) (1024K)]
  0x00000227c7df89c0 JavaThread "Thread-2"                   daemon [_thread_in_native, id=23780, stack(0x000000cd93800000,0x000000cd93900000) (1024K)]
  0x00000227c7df6260 JavaThread "Thread-3"                   daemon [_thread_in_native, id=14732, stack(0x000000cd93900000,0x000000cd93a00000) (1024K)]
  0x00000227c7df9050 JavaThread "Thread-4"                   daemon [_thread_in_native, id=4148, stack(0x000000cd93a00000,0x000000cd93b00000) (1024K)]
  0x00000227c7df6f80 JavaThread "Thread-5"                   daemon [_thread_in_native, id=8272, stack(0x000000cd93b00000,0x000000cd93c00000) (1024K)]
  0x00000227c7df8330 JavaThread "Thread-6"                   daemon [_thread_in_native, id=3388, stack(0x000000cd93c00000,0x000000cd93d00000) (1024K)]
  0x00000227c7df68f0 JavaThread "Thread-7"                   daemon [_thread_in_native, id=3884, stack(0x000000cd93d00000,0x000000cd93e00000) (1024K)]
  0x00000227c7df7610 JavaThread "Thread-8"                   daemon [_thread_in_native, id=16008, stack(0x000000cd93e00000,0x000000cd93f00000) (1024K)]
  0x00000227c7df7ca0 JavaThread "Thread-9"                   daemon [_thread_in_native, id=14756, stack(0x000000cd93f00000,0x000000cd94000000) (1024K)]
  0x00000227c9572800 JavaThread "pool-2-thread-1"                   [_thread_blocked, id=12436, stack(0x000000cd94000000,0x000000cd94100000) (1024K)]
  0x00000227c9572e90 JavaThread "Worker-2"                          [_thread_blocked, id=9532, stack(0x000000cd94100000,0x000000cd94200000) (1024K)]
  0x00000227c9573520 JavaThread "WorkspaceEventsHandler"            [_thread_blocked, id=13588, stack(0x000000cd94200000,0x000000cd94300000) (1024K)]
  0x00000227c9572170 JavaThread "pool-1-thread-1"                   [_thread_blocked, id=13716, stack(0x000000cd94300000,0x000000cd94400000) (1024K)]
  0x00000227c9573bb0 JavaThread "ForkJoinPool.commonPool-worker-1" daemon [_thread_blocked, id=10456, stack(0x000000cd94400000,0x000000cd94500000) (1024K)]
  0x00000227c9574240 JavaThread "ForkJoinPool.commonPool-worker-2" daemon [_thread_blocked, id=5520, stack(0x000000cd94500000,0x000000cd94600000) (1024K)]
  0x00000227c9570dc0 JavaThread "ForkJoinPool.commonPool-worker-3" daemon [_thread_blocked, id=5232, stack(0x000000cd94600000,0x000000cd94700000) (1024K)]
  0x00000227c95748d0 JavaThread "ForkJoinPool.commonPool-worker-4" daemon [_thread_blocked, id=18676, stack(0x000000cd94700000,0x000000cd94800000) (1024K)]
=>0x00000227c7c0c850 JavaThread "C2 CompilerThread1"         daemon [_thread_in_native, id=22568, stack(0x000000cd93400000,0x000000cd93500000) (1024K)]
Total: 37

Other Threads:
  0x00000227e91f0660 VMThread "VM Thread"                           [id=5108, stack(0x000000cd91a00000,0x000000cd91b00000) (1024K)]
  0x00000227e91baf90 WatcherThread "VM Periodic Task Thread"        [id=18772, stack(0x000000cd91900000,0x000000cd91a00000) (1024K)]
  0x00000227e916e310 WorkerThread "GC Thread#0"                     [id=12896, stack(0x000000cd91800000,0x000000cd91900000) (1024K)]
  0x00000227c72d73e0 WorkerThread "GC Thread#1"                     [id=22760, stack(0x000000cd92600000,0x000000cd92700000) (1024K)]
  0x00000227c76f8030 WorkerThread "GC Thread#2"                     [id=9464, stack(0x000000cd92700000,0x000000cd92800000) (1024K)]
  0x00000227c76f83d0 WorkerThread "GC Thread#3"                     [id=13748, stack(0x000000cd92800000,0x000000cd92900000) (1024K)]
  0x00000227c76f8770 WorkerThread "GC Thread#4"                     [id=14132, stack(0x000000cd92900000,0x000000cd92a00000) (1024K)]
  0x00000227c76f8b10 WorkerThread "GC Thread#5"                     [id=4132, stack(0x000000cd92a00000,0x000000cd92b00000) (1024K)]
  0x00000227c74702f0 WorkerThread "GC Thread#6"                     [id=6376, stack(0x000000cd92b00000,0x000000cd92c00000) (1024K)]
  0x00000227c76f6840 WorkerThread "GC Thread#7"                     [id=19320, stack(0x000000cd92f00000,0x000000cd93000000) (1024K)]
Total: 10

Threads with active compile tasks:
C2 CompilerThread0  14557 7250       4       lombok.core.AST::buildWithField (21 bytes)
C2 CompilerThread1  14557 7251   !   4       lombok.core.AST::buildWithField0 (121 bytes)
Total: 2

VM state: not at safepoint (normal execution)

VM Mutex/Monitor currently owned by a thread: None

Heap address: 0x0000000080000000, size: 2048 MB, Compressed Oops mode: 32-bit

CDS archive(s) mapped at: [0x0000022780000000-0x0000022780ba0000-0x0000022780ba0000), size 12189696, SharedBaseAddress: 0x0000022780000000, ArchiveRelocationMode: 1.
Compressed class space mapped at: 0x0000022781000000-0x00000227c1000000, reserved size: 1073741824
Narrow klass base: 0x0000022780000000, Narrow klass shift: 0, Narrow klass range: 0x100000000

GC Precious Log:
 CardTable entry size: 512
 CPUs: 8 total, 8 available
 Memory: 7914M
 Large Page Support: Disabled
 NUMA Support: Disabled
 Compressed Oops: Enabled (32-bit)
 Alignments: Space 512K, Generation 512K, Heap 2M
 Heap Min Capacity: 100M
 Heap Initial Capacity: 100M
 Heap Max Capacity: 2G
 Pre-touch: Disabled
 Parallel Workers: 8

Heap:
 PSYoungGen      total 16384K, used 11623K [0x00000000d5580000, 0x00000000d6900000, 0x0000000100000000)
  eden space 14336K, 68% used [0x00000000d5580000,0x00000000d5f19d28,0x00000000d6380000)
  from space 2048K, 87% used [0x00000000d6700000,0x00000000d68bff88,0x00000000d6900000)
  to   space 2560K, 0% used [0x00000000d6400000,0x00000000d6400000,0x00000000d6680000)
 ParOldGen       total 68608K, used 43167K [0x0000000080000000, 0x0000000084300000, 0x00000000d5580000)
  object space 68608K, 62% used [0x0000000080000000,0x0000000082a27c78,0x0000000084300000)
 Metaspace       used 44901K, committed 46080K, reserved 1114112K
  class space    used 4460K, committed 4992K, reserved 1048576K

Card table byte_map: [0x00000227e8af0000,0x00000227e8f00000] _byte_map_base: 0x00000227e86f0000

Marking Bits: (ParMarkBitMap*) 0x00007ffb5b82a340
 Begin Bits: [0x00000227fb5f0000, 0x00000227fd5f0000)
 End Bits:   [0x00000227fd5f0000, 0x00000227ff5f0000)

Polling page: 0x00000227e8830000

Metaspace:

Usage:
  Non-class:     39.49 MB used.
      Class:      4.36 MB used.
       Both:     43.85 MB used.

Virtual space:
  Non-class space:       64.00 MB reserved,      40.12 MB ( 63%) committed,  1 nodes.
      Class space:        1.00 GB reserved,       4.88 MB ( <1%) committed,  1 nodes.
             Both:        1.06 GB reserved,      45.00 MB (  4%) committed. 

Chunk freelists:
   Non-Class:  7.80 MB
       Class:  10.96 MB
        Both:  18.76 MB

MaxMetaspaceSize: unlimited
CompressedClassSpaceSize: 1.00 GB
Initial GC threshold: 21.00 MB
Current GC threshold: 58.38 MB
CDS: on
 - commit_granule_bytes: 65536.
 - commit_granule_words: 8192.
 - virtual_space_node_default_size: 8388608.
 - enlarge_chunks_in_place: 1.
 - use_allocation_guard: 0.


Internal statistics:

num_allocs_failed_limit: 6.
num_arena_births: 1138.
num_arena_deaths: 196.
num_vsnodes_births: 2.
num_vsnodes_deaths: 0.
num_space_committed: 720.
num_space_uncommitted: 0.
num_chunks_returned_to_freelist: 277.
num_chunks_taken_from_freelist: 3342.
num_chunk_merges: 106.
num_chunk_splits: 1943.
num_chunks_enlarged: 1047.
num_inconsistent_stats: 0.

CodeHeap 'non-profiled nmethods': size=120000Kb used=4362Kb max_used=4362Kb free=115637Kb
 bounds [0x00000227f3e10000, 0x00000227f4260000, 0x00000227fb340000]
CodeHeap 'profiled nmethods': size=120000Kb used=16717Kb max_used=16717Kb free=103282Kb
 bounds [0x00000227ec340000, 0x00000227ed3a0000, 0x00000227f3870000]
CodeHeap 'non-nmethods': size=5760Kb used=1427Kb max_used=1483Kb free=4332Kb
 bounds [0x00000227f3870000, 0x00000227f3ae0000, 0x00000227f3e10000]
CodeCache: size=245760Kb, used=22506Kb, max_used=22562Kb, free=223251Kb
 total_blobs=7695, nmethods=6975, adapters=624, full_count=0
Compilation: enabled, stopped_count=0, restarted_count=0

Compilation events (20 events):
Event: 13.530 Thread 0x00000227e90fe440 7361       3       java.util.regex.Pattern::expr (142 bytes)
Event: 13.531 Thread 0x00000227e90fe440 nmethod 7361 0x00000227ed37f490 code [0x00000227ed37f6e0, 0x00000227ed380068]
Event: 13.531 Thread 0x00000227e90fe440 7365       3       com.google.gson.stream.JsonWriter::beginObject (12 bytes)
Event: 13.531 Thread 0x00000227e90fe440 nmethod 7365 0x00000227ed380410 code [0x00000227ed380620, 0x00000227ed380a20]
Event: 13.531 Thread 0x00000227e90fe440 7366       3       com.google.gson.stream.JsonWriter::endObject (9 bytes)
Event: 13.531 Thread 0x00000227e90fe440 nmethod 7366 0x00000227ed380c10 code [0x00000227ed380dc0, 0x00000227ed380f10]
Event: 13.531 Thread 0x00000227e90fe440 7357       3       org.eclipse.jdt.core.Signature::getTypeSignatureKind (8 bytes)
Event: 13.532 Thread 0x00000227e90fe440 nmethod 7357 0x00000227ed380f90 code [0x00000227ed381180, 0x00000227ed381470]
Event: 13.532 Thread 0x00000227e90fe440 7360       3       org.eclipse.core.internal.localstore.FileStoreRoot::getManager (85 bytes)
Event: 13.533 Thread 0x00000227e90fe440 nmethod 7360 0x00000227ed381590 code [0x00000227ed381960, 0x00000227ed383590]
Event: 13.533 Thread 0x00000227e90fe440 7362       1       com.google.gson.stream.JsonWriter::getStrictness (5 bytes)
Event: 13.533 Thread 0x00000227e90fe440 nmethod 7362 0x00000227f4250d90 code [0x00000227f4250f20, 0x00000227f4250fe8]
Event: 13.780 Thread 0x00000227e90fe440 7368       1       com.google.gson.stream.JsonReader::getStrictness (5 bytes)
Event: 13.780 Thread 0x00000227e90fe440 nmethod 7368 0x00000227f4251490 code [0x00000227f4251620, 0x00000227f42516e8]
Event: 13.780 Thread 0x00000227e90fe440 7369       1       java.nio.DirectByteBuffer::cleaner (5 bytes)
Event: 13.780 Thread 0x00000227e90fe440 nmethod 7369 0x00000227f4251790 code [0x00000227f4251920, 0x00000227f42519e8]
Event: 13.783 Thread 0x00000227e90fe440 7371       3       org.eclipse.core.internal.resources.Resource::getParent (79 bytes)
Event: 13.784 Thread 0x00000227e90fe440 nmethod 7371 0x00000227ed383f10 code [0x00000227ed384160, 0x00000227ed384950]
Event: 13.784 Thread 0x00000227e90fe440 7372       3       org.eclipse.jdt.internal.compiler.parser.Scanner::updateScanContext (275 bytes)
Event: 13.784 Thread 0x00000227e90fe440 nmethod 7372 0x00000227ed384d10 code [0x00000227ed384f40, 0x00000227ed385788]

GC Heap History (20 events):
Event: 4.393 GC heap before
{Heap before GC invocations=21 (full 2):
 PSYoungGen      total 18432K, used 18304K [0x00000000d5580000, 0x00000000d6d00000, 0x0000000100000000)
  eden space 17920K, 100% used [0x00000000d5580000,0x00000000d6700000,0x00000000d6700000)
  from space 512K, 75% used [0x00000000d6c80000,0x00000000d6ce0000,0x00000000d6d00000)
  to   space 1024K, 0% used [0x00000000d6b00000,0x00000000d6b00000,0x00000000d6c00000)
 ParOldGen       total 68608K, used 29919K [0x0000000080000000, 0x0000000084300000, 0x00000000d5580000)
  object space 68608K, 43% used [0x0000000080000000,0x0000000081d37de8,0x0000000084300000)
 Metaspace       used 36638K, committed 37568K, reserved 1114112K
  class space    used 3728K, committed 4160K, reserved 1048576K
}
Event: 4.394 GC heap after
{Heap after GC invocations=21 (full 2):
 PSYoungGen      total 18944K, used 999K [0x00000000d5580000, 0x00000000d6d00000, 0x0000000100000000)
  eden space 17920K, 0% used [0x00000000d5580000,0x00000000d5580000,0x00000000d6700000)
  from space 1024K, 97% used [0x00000000d6b00000,0x00000000d6bf9de0,0x00000000d6c00000)
  to   space 1024K, 0% used [0x00000000d6c00000,0x00000000d6c00000,0x00000000d6d00000)
 ParOldGen       total 68608K, used 30770K [0x0000000080000000, 0x0000000084300000, 0x00000000d5580000)
  object space 68608K, 44% used [0x0000000080000000,0x0000000081e0ca60,0x0000000084300000)
 Metaspace       used 36638K, committed 37568K, reserved 1114112K
  class space    used 3728K, committed 4160K, reserved 1048576K
}
Event: 4.444 GC heap before
{Heap before GC invocations=22 (full 2):
 PSYoungGen      total 18944K, used 18919K [0x00000000d5580000, 0x00000000d6d00000, 0x0000000100000000)
  eden space 17920K, 100% used [0x00000000d5580000,0x00000000d6700000,0x00000000d6700000)
  from space 1024K, 97% used [0x00000000d6b00000,0x00000000d6bf9de0,0x00000000d6c00000)
  to   space 1024K, 0% used [0x00000000d6c00000,0x00000000d6c00000,0x00000000d6d00000)
 ParOldGen       total 68608K, used 30770K [0x0000000080000000, 0x0000000084300000, 0x00000000d5580000)
  object space 68608K, 44% used [0x0000000080000000,0x0000000081e0ca60,0x0000000084300000)
 Metaspace       used 36661K, committed 37632K, reserved 1114112K
  class space    used 3728K, committed 4160K, reserved 1048576K
}
Event: 4.445 GC heap after
{Heap after GC invocations=22 (full 2):
 PSYoungGen      total 18944K, used 893K [0x00000000d5580000, 0x00000000d6d00000, 0x0000000100000000)
  eden space 17920K, 0% used [0x00000000d5580000,0x00000000d5580000,0x00000000d6700000)
  from space 1024K, 87% used [0x00000000d6c00000,0x00000000d6cdf4a8,0x00000000d6d00000)
  to   space 1536K, 0% used [0x00000000d6a00000,0x00000000d6a00000,0x00000000d6b80000)
 ParOldGen       total 68608K, used 31719K [0x0000000080000000, 0x0000000084300000, 0x00000000d5580000)
  object space 68608K, 46% used [0x0000000080000000,0x0000000081ef9cc8,0x0000000084300000)
 Metaspace       used 36661K, committed 37632K, reserved 1114112K
  class space    used 3728K, committed 4160K, reserved 1048576K
}
Event: 4.520 GC heap before
{Heap before GC invocations=23 (full 2):
 PSYoungGen      total 18944K, used 18813K [0x00000000d5580000, 0x00000000d6d00000, 0x0000000100000000)
  eden space 17920K, 100% used [0x00000000d5580000,0x00000000d6700000,0x00000000d6700000)
  from space 1024K, 87% used [0x00000000d6c00000,0x00000000d6cdf4a8,0x00000000d6d00000)
  to   space 1536K, 0% used [0x00000000d6a00000,0x00000000d6a00000,0x00000000d6b80000)
 ParOldGen       total 68608K, used 31719K [0x0000000080000000, 0x0000000084300000, 0x00000000d5580000)
  object space 68608K, 46% used [0x0000000080000000,0x0000000081ef9cc8,0x0000000084300000)
 Metaspace       used 37636K, committed 38592K, reserved 1114112K
  class space    used 3821K, committed 4288K, reserved 1048576K
}
Event: 4.520 GC heap after
{Heap after GC invocations=23 (full 2):
 PSYoungGen      total 19456K, used 256K [0x00000000d5580000, 0x00000000d6c80000, 0x0000000100000000)
  eden space 17920K, 0% used [0x00000000d5580000,0x00000000d5580000,0x00000000d6700000)
  from space 1536K, 16% used [0x00000000d6a00000,0x00000000d6a40000,0x00000000d6b80000)
  to   space 1024K, 0% used [0x00000000d6b80000,0x00000000d6b80000,0x00000000d6c80000)
 ParOldGen       total 68608K, used 31743K [0x0000000080000000, 0x0000000084300000, 0x00000000d5580000)
  object space 68608K, 46% used [0x0000000080000000,0x0000000081effcc8,0x0000000084300000)
 Metaspace       used 37636K, committed 38592K, reserved 1114112K
  class space    used 3821K, committed 4288K, reserved 1048576K
}
Event: 4.751 GC heap before
{Heap before GC invocations=24 (full 2):
 PSYoungGen      total 19456K, used 18176K [0x00000000d5580000, 0x00000000d6c80000, 0x0000000100000000)
  eden space 17920K, 100% used [0x00000000d5580000,0x00000000d6700000,0x00000000d6700000)
  from space 1536K, 16% used [0x00000000d6a00000,0x00000000d6a40000,0x00000000d6b80000)
  to   space 1024K, 0% used [0x00000000d6b80000,0x00000000d6b80000,0x00000000d6c80000)
 ParOldGen       total 68608K, used 31743K [0x0000000080000000, 0x0000000084300000, 0x00000000d5580000)
  object space 68608K, 46% used [0x0000000080000000,0x0000000081effcc8,0x0000000084300000)
 Metaspace       used 39235K, committed 40192K, reserved 1114112K
  class space    used 3986K, committed 4416K, reserved 1048576K
}
Event: 4.753 GC heap after
{Heap after GC invocations=24 (full 2):
 PSYoungGen      total 18944K, used 1008K [0x00000000d5580000, 0x00000000d6c80000, 0x0000000100000000)
  eden space 17920K, 0% used [0x00000000d5580000,0x00000000d5580000,0x00000000d6700000)
  from space 1024K, 98% used [0x00000000d6b80000,0x00000000d6c7c010,0x00000000d6c80000)
  to   space 2048K, 0% used [0x00000000d6880000,0x00000000d6880000,0x00000000d6a80000)
 ParOldGen       total 68608K, used 32473K [0x0000000080000000, 0x0000000084300000, 0x00000000d5580000)
  object space 68608K, 47% used [0x0000000080000000,0x0000000081fb6680,0x0000000084300000)
 Metaspace       used 39235K, committed 40192K, reserved 1114112K
  class space    used 3986K, committed 4416K, reserved 1048576K
}
Event: 5.089 GC heap before
{Heap before GC invocations=25 (full 2):
 PSYoungGen      total 18944K, used 18928K [0x00000000d5580000, 0x00000000d6c80000, 0x0000000100000000)
  eden space 17920K, 100% used [0x00000000d5580000,0x00000000d6700000,0x00000000d6700000)
  from space 1024K, 98% used [0x00000000d6b80000,0x00000000d6c7c010,0x00000000d6c80000)
  to   space 2048K, 0% used [0x00000000d6880000,0x00000000d6880000,0x00000000d6a80000)
 ParOldGen       total 68608K, used 32473K [0x0000000080000000, 0x0000000084300000, 0x00000000d5580000)
  object space 68608K, 47% used [0x0000000080000000,0x0000000081fb6680,0x0000000084300000)
 Metaspace       used 39868K, committed 40896K, reserved 1114112K
  class space    used 4039K, committed 4480K, reserved 1048576K
}
Event: 5.091 GC heap after
{Heap after GC invocations=25 (full 2):
 PSYoungGen      total 19968K, used 720K [0x00000000d5580000, 0x00000000d6c00000, 0x0000000100000000)
  eden space 17920K, 0% used [0x00000000d5580000,0x00000000d5580000,0x00000000d6700000)
  from space 2048K, 35% used [0x00000000d6880000,0x00000000d6934010,0x00000000d6a80000)
  to   space 1536K, 0% used [0x00000000d6a80000,0x00000000d6a80000,0x00000000d6c00000)
 ParOldGen       total 68608K, used 33465K [0x0000000080000000, 0x0000000084300000, 0x00000000d5580000)
  object space 68608K, 48% used [0x0000000080000000,0x00000000820ae6d0,0x0000000084300000)
 Metaspace       used 39868K, committed 40896K, reserved 1114112K
  class space    used 4039K, committed 4480K, reserved 1048576K
}
Event: 5.444 GC heap before
{Heap before GC invocations=26 (full 2):
 PSYoungGen      total 19968K, used 18640K [0x00000000d5580000, 0x00000000d6c00000, 0x0000000100000000)
  eden space 17920K, 100% used [0x00000000d5580000,0x00000000d6700000,0x00000000d6700000)
  from space 2048K, 35% used [0x00000000d6880000,0x00000000d6934010,0x00000000d6a80000)
  to   space 1536K, 0% used [0x00000000d6a80000,0x00000000d6a80000,0x00000000d6c00000)
 ParOldGen       total 68608K, used 33465K [0x0000000080000000, 0x0000000084300000, 0x00000000d5580000)
  object space 68608K, 48% used [0x0000000080000000,0x00000000820ae6d0,0x0000000084300000)
 Metaspace       used 41568K, committed 42624K, reserved 1114112K
  class space    used 4216K, committed 4672K, reserved 1048576K
}
Event: 5.447 GC heap after
{Heap after GC invocations=26 (full 2):
 PSYoungGen      total 19456K, used 1514K [0x00000000d5580000, 0x00000000d6c00000, 0x0000000100000000)
  eden space 17920K, 0% used [0x00000000d5580000,0x00000000d5580000,0x00000000d6700000)
  from space 1536K, 98% used [0x00000000d6a80000,0x00000000d6bfabd0,0x00000000d6c00000)
  to   space 2560K, 0% used [0x00000000d6700000,0x00000000d6700000,0x00000000d6980000)
 ParOldGen       total 68608K, used 34218K [0x0000000080000000, 0x0000000084300000, 0x00000000d5580000)
  object space 68608K, 49% used [0x0000000080000000,0x000000008216a9f8,0x0000000084300000)
 Metaspace       used 41568K, committed 42624K, reserved 1114112K
  class space    used 4216K, committed 4672K, reserved 1048576K
}
Event: 5.722 GC heap before
{Heap before GC invocations=27 (full 2):
 PSYoungGen      total 19456K, used 19434K [0x00000000d5580000, 0x00000000d6c00000, 0x0000000100000000)
  eden space 17920K, 100% used [0x00000000d5580000,0x00000000d6700000,0x00000000d6700000)
  from space 1536K, 98% used [0x00000000d6a80000,0x00000000d6bfabd0,0x00000000d6c00000)
  to   space 2560K, 0% used [0x00000000d6700000,0x00000000d6700000,0x00000000d6980000)
 ParOldGen       total 68608K, used 34218K [0x0000000080000000, 0x0000000084300000, 0x00000000d5580000)
  object space 68608K, 49% used [0x0000000080000000,0x000000008216a9f8,0x0000000084300000)
 Metaspace       used 42336K, committed 43328K, reserved 1114112K
  class space    used 4283K, committed 4736K, reserved 1048576K
}
Event: 5.724 GC heap after
{Heap after GC invocations=27 (full 2):
 PSYoungGen      total 20480K, used 2295K [0x00000000d5580000, 0x00000000d6c00000, 0x0000000100000000)
  eden space 17920K, 0% used [0x00000000d5580000,0x00000000d5580000,0x00000000d6700000)
  from space 2560K, 89% used [0x00000000d6700000,0x00000000d693dd98,0x00000000d6980000)
  to   space 2560K, 0% used [0x00000000d6980000,0x00000000d6980000,0x00000000d6c00000)
 ParOldGen       total 68608K, used 35670K [0x0000000080000000, 0x0000000084300000, 0x00000000d5580000)
  object space 68608K, 51% used [0x0000000080000000,0x00000000822d58e0,0x0000000084300000)
 Metaspace       used 42336K, committed 43328K, reserved 1114112K
  class space    used 4283K, committed 4736K, reserved 1048576K
}
Event: 5.923 GC heap before
{Heap before GC invocations=28 (full 2):
 PSYoungGen      total 20480K, used 20215K [0x00000000d5580000, 0x00000000d6c00000, 0x0000000100000000)
  eden space 17920K, 100% used [0x00000000d5580000,0x00000000d6700000,0x00000000d6700000)
  from space 2560K, 89% used [0x00000000d6700000,0x00000000d693dd98,0x00000000d6980000)
  to   space 2560K, 0% used [0x00000000d6980000,0x00000000d6980000,0x00000000d6c00000)
 ParOldGen       total 68608K, used 35670K [0x0000000080000000, 0x0000000084300000, 0x00000000d5580000)
  object space 68608K, 51% used [0x0000000080000000,0x00000000822d58e0,0x0000000084300000)
 Metaspace       used 43181K, committed 44288K, reserved 1114112K
  class space    used 4348K, committed 4864K, reserved 1048576K
}
Event: 5.929 GC heap after
{Heap after GC invocations=28 (full 2):
 PSYoungGen      total 16896K, used 2528K [0x00000000d5580000, 0x00000000d7300000, 0x0000000100000000)
  eden space 14336K, 0% used [0x00000000d5580000,0x00000000d5580000,0x00000000d6380000)
  from space 2560K, 98% used [0x00000000d6980000,0x00000000d6bf8310,0x00000000d6c00000)
  to   space 6144K, 0% used [0x00000000d6380000,0x00000000d6380000,0x00000000d6980000)
 ParOldGen       total 68608K, used 38612K [0x0000000080000000, 0x0000000084300000, 0x00000000d5580000)
  object space 68608K, 56% used [0x0000000080000000,0x00000000825b5280,0x0000000084300000)
 Metaspace       used 43181K, committed 44288K, reserved 1114112K
  class space    used 4348K, committed 4864K, reserved 1048576K
}
Event: 6.105 GC heap before
{Heap before GC invocations=29 (full 2):
 PSYoungGen      total 16896K, used 16864K [0x00000000d5580000, 0x00000000d7300000, 0x0000000100000000)
  eden space 14336K, 100% used [0x00000000d5580000,0x00000000d6380000,0x00000000d6380000)
  from space 2560K, 98% used [0x00000000d6980000,0x00000000d6bf8310,0x00000000d6c00000)
  to   space 6144K, 0% used [0x00000000d6380000,0x00000000d6380000,0x00000000d6980000)
 ParOldGen       total 68608K, used 38612K [0x0000000080000000, 0x0000000084300000, 0x00000000d5580000)
  object space 68608K, 56% used [0x0000000080000000,0x00000000825b5280,0x0000000084300000)
 Metaspace       used 44339K, committed 45504K, reserved 1114112K
  class space    used 4443K, committed 4992K, reserved 1048576K
}
Event: 6.111 GC heap after
{Heap after GC invocations=29 (full 2):
 PSYoungGen      total 16896K, used 2441K [0x00000000d5580000, 0x00000000d6a80000, 0x0000000100000000)
  eden space 14336K, 0% used [0x00000000d5580000,0x00000000d5580000,0x00000000d6380000)
  from space 2560K, 95% used [0x00000000d6380000,0x00000000d65e2428,0x00000000d6600000)
  to   space 3584K, 0% used [0x00000000d6700000,0x00000000d6700000,0x00000000d6a80000)
 ParOldGen       total 68608K, used 40953K [0x0000000080000000, 0x0000000084300000, 0x00000000d5580000)
  object space 68608K, 59% used [0x0000000080000000,0x00000000827fe538,0x0000000084300000)
 Metaspace       used 44339K, committed 45504K, reserved 1114112K
  class space    used 4443K, committed 4992K, reserved 1048576K
}
Event: 13.517 GC heap before
{Heap before GC invocations=30 (full 2):
 PSYoungGen      total 16896K, used 16777K [0x00000000d5580000, 0x00000000d6a80000, 0x0000000100000000)
  eden space 14336K, 100% used [0x00000000d5580000,0x00000000d6380000,0x00000000d6380000)
  from space 2560K, 95% used [0x00000000d6380000,0x00000000d65e2428,0x00000000d6600000)
  to   space 3584K, 0% used [0x00000000d6700000,0x00000000d6700000,0x00000000d6a80000)
 ParOldGen       total 68608K, used 40953K [0x0000000080000000, 0x0000000084300000, 0x00000000d5580000)
  object space 68608K, 59% used [0x0000000080000000,0x00000000827fe538,0x0000000084300000)
 Metaspace       used 44833K, committed 46016K, reserved 1114112K
  class space    used 4459K, committed 4992K, reserved 1048576K
}
Event: 13.522 GC heap after
{Heap after GC invocations=30 (full 2):
 PSYoungGen      total 16384K, used 1791K [0x00000000d5580000, 0x00000000d6900000, 0x0000000100000000)
  eden space 14336K, 0% used [0x00000000d5580000,0x00000000d5580000,0x00000000d6380000)
  from space 2048K, 87% used [0x00000000d6700000,0x00000000d68bff88,0x00000000d6900000)
  to   space 2560K, 0% used [0x00000000d6400000,0x00000000d6400000,0x00000000d6680000)
 ParOldGen       total 68608K, used 43167K [0x0000000080000000, 0x0000000084300000, 0x00000000d5580000)
  object space 68608K, 62% used [0x0000000080000000,0x0000000082a27c78,0x0000000084300000)
 Metaspace       used 44833K, committed 46016K, reserved 1114112K
  class space    used 4459K, committed 4992K, reserved 1048576K
}

Dll operation events (10 events):
Event: 0.013 Loaded shared library c:\Users\abc\.vscode\extensions\redhat.java-1.47.0-win32-x64\jre\21.0.8-win32-x86_64\bin\java.dll
Event: 0.145 Loaded shared library c:\Users\abc\.vscode\extensions\redhat.java-1.47.0-win32-x64\jre\21.0.8-win32-x86_64\bin\zip.dll
Event: 0.170 Loaded shared library C:\Users\abc\.vscode\extensions\redhat.java-1.47.0-win32-x64\jre\21.0.8-win32-x86_64\bin\instrument.dll
Event: 0.176 Loaded shared library C:\Users\abc\.vscode\extensions\redhat.java-1.47.0-win32-x64\jre\21.0.8-win32-x86_64\bin\net.dll
Event: 0.178 Loaded shared library C:\Users\abc\.vscode\extensions\redhat.java-1.47.0-win32-x64\jre\21.0.8-win32-x86_64\bin\nio.dll
Event: 0.182 Loaded shared library C:\Users\abc\.vscode\extensions\redhat.java-1.47.0-win32-x64\jre\21.0.8-win32-x86_64\bin\zip.dll
Event: 0.211 Loaded shared library C:\Users\abc\.vscode\extensions\redhat.java-1.47.0-win32-x64\jre\21.0.8-win32-x86_64\bin\jimage.dll
Event: 0.325 Loaded shared library c:\Users\abc\.vscode\extensions\redhat.java-1.47.0-win32-x64\jre\21.0.8-win32-x86_64\bin\verify.dll
Event: 1.036 Loaded shared library C:\Users\abc\AppData\Roaming\Code\User\globalStorage\redhat.java\1.47.0\config_ss_win\org.eclipse.equinox.launcher\org.eclipse.equinox.launcher.win32.win32.x86_64_1.2.1400.v20250801-0854\eclipse_11916.dll
Event: 1.890 Loaded shared library D:\Temp\jna-96354\jna9222731355983813679.dll

Deoptimization events (20 events):
Event: 13.320 Thread 0x00000227c9570dc0 DEOPT PACKING pc=0x00000227f3ef4864 sp=0x000000cd946fc640
Event: 13.320 Thread 0x00000227c9570dc0 DEOPT UNPACKING pc=0x00000227f38c6da2 sp=0x000000cd946fc578 mode 2
Event: 13.320 Thread 0x00000227c9570dc0 Uncommon trap: trap_request=0xffffffc6 fr.pc=0x00000227f3ef4864 relative=0x00000000000005a4
Event: 13.320 Thread 0x00000227c9570dc0 Uncommon trap: reason=bimorphic_or_optimized_type_check action=maybe_recompile pc=0x00000227f3ef4864 method=java.util.regex.Pattern$Begin.match(Ljava/util/regex/Matcher;ILjava/lang/CharSequence;)Z @ 30 c2
Event: 13.320 Thread 0x00000227c9570dc0 DEOPT PACKING pc=0x00000227f3ef4864 sp=0x000000cd946fc6a0
Event: 13.320 Thread 0x00000227c9570dc0 DEOPT UNPACKING pc=0x00000227f38c6da2 sp=0x000000cd946fc5d8 mode 2
Event: 13.320 Thread 0x00000227c9570dc0 Uncommon trap: trap_request=0xffffffc6 fr.pc=0x00000227f3ef4864 relative=0x00000000000005a4
Event: 13.320 Thread 0x00000227c9570dc0 Uncommon trap: reason=bimorphic_or_optimized_type_check action=maybe_recompile pc=0x00000227f3ef4864 method=java.util.regex.Pattern$Begin.match(Ljava/util/regex/Matcher;ILjava/lang/CharSequence;)Z @ 30 c2
Event: 13.320 Thread 0x00000227c9570dc0 DEOPT PACKING pc=0x00000227f3ef4864 sp=0x000000cd946fc640
Event: 13.320 Thread 0x00000227c9570dc0 DEOPT UNPACKING pc=0x00000227f38c6da2 sp=0x000000cd946fc578 mode 2
Event: 13.320 Thread 0x00000227c9570dc0 Uncommon trap: trap_request=0xffffffc6 fr.pc=0x00000227f3ef4864 relative=0x00000000000005a4
Event: 13.320 Thread 0x00000227c9570dc0 Uncommon trap: reason=bimorphic_or_optimized_type_check action=maybe_recompile pc=0x00000227f3ef4864 method=java.util.regex.Pattern$Begin.match(Ljava/util/regex/Matcher;ILjava/lang/CharSequence;)Z @ 30 c2
Event: 13.320 Thread 0x00000227c9570dc0 DEOPT PACKING pc=0x00000227f3ef4864 sp=0x000000cd946fc6a0
Event: 13.320 Thread 0x00000227c9570dc0 DEOPT UNPACKING pc=0x00000227f38c6da2 sp=0x000000cd946fc5d8 mode 2
Event: 13.355 Thread 0x00000227c9570dc0 DEOPT PACKING pc=0x00000227ece20be5 sp=0x000000cd946fd020
Event: 13.355 Thread 0x00000227c9570dc0 DEOPT UNPACKING pc=0x00000227f38c78e2 sp=0x000000cd946fc4d8 mode 0
Event: 13.784 Thread 0x00000227c9570dc0 Uncommon trap: trap_request=0xffffffe4 fr.pc=0x00000227f4141918 relative=0x0000000000000338
Event: 13.784 Thread 0x00000227c9570dc0 Uncommon trap: reason=range_check action=make_not_entrant pc=0x00000227f4141918 method=org.eclipse.jdt.internal.compiler.parser.Scanner.pushLineSeparator()V @ 104 c2
Event: 13.784 Thread 0x00000227c9570dc0 DEOPT PACKING pc=0x00000227f4141918 sp=0x000000cd946fee90
Event: 13.784 Thread 0x00000227c9570dc0 DEOPT UNPACKING pc=0x00000227f38c6da2 sp=0x000000cd946fee30 mode 2

Classes loaded (20 events):
Event: 4.776 Loading class java/time/ZonedDateTime$1
Event: 4.776 Loading class java/time/ZonedDateTime$1 done
Event: 5.071 Loading class java/lang/UnsupportedClassVersionError
Event: 5.071 Loading class java/lang/UnsupportedClassVersionError done
Event: 5.071 Loading class java/io/FileReader
Event: 5.071 Loading class java/io/FileReader done
Event: 5.172 Loading class java/util/stream/ReduceOps$4
Event: 5.172 Loading class java/util/stream/ReduceOps$4 done
Event: 5.172 Loading class java/util/stream/ReduceOps$4ReducingSink
Event: 5.172 Loading class java/util/stream/ReduceOps$4ReducingSink done
Event: 5.395 Loading class java/util/regex/Pattern$Pos
Event: 5.395 Loading class java/util/regex/Pattern$Pos done
Event: 5.560 Loading class java/lang/StringUTF16$LinesSpliterator
Event: 5.560 Loading class java/lang/StringUTF16$LinesSpliterator done
Event: 5.668 Loading class java/util/concurrent/CompletionException
Event: 5.669 Loading class java/util/concurrent/CompletionException done
Event: 6.012 Loading class java/util/concurrent/ConcurrentHashMap$TreeNode
Event: 6.013 Loading class java/util/concurrent/ConcurrentHashMap$TreeNode done
Event: 6.013 Loading class java/util/concurrent/ConcurrentHashMap$TreeBin
Event: 6.013 Loading class java/util/concurrent/ConcurrentHashMap$TreeBin done

Classes unloaded (20 events):
Event: 4.006 Thread 0x00000227e91f0660 Unloading class 0x000002278138a000 'java/lang/invoke/LambdaForm$MH+0x000002278138a000'
Event: 4.006 Thread 0x00000227e91f0660 Unloading class 0x0000022781389c00 'java/lang/invoke/LambdaForm$MH+0x0000022781389c00'
Event: 4.006 Thread 0x00000227e91f0660 Unloading class 0x0000022781389400 'java/lang/invoke/LambdaForm$MH+0x0000022781389400'
Event: 4.006 Thread 0x00000227e91f0660 Unloading class 0x0000022781389000 'java/lang/invoke/LambdaForm$MH+0x0000022781389000'
Event: 4.006 Thread 0x00000227e91f0660 Unloading class 0x0000022781388800 'java/lang/invoke/LambdaForm$MH+0x0000022781388800'
Event: 4.006 Thread 0x00000227e91f0660 Unloading class 0x0000022781388400 'java/lang/invoke/LambdaForm$MH+0x0000022781388400'
Event: 4.006 Thread 0x00000227e91f0660 Unloading class 0x0000022781388000 'java/lang/invoke/LambdaForm$MH+0x0000022781388000'
Event: 4.006 Thread 0x00000227e91f0660 Unloading class 0x0000022781387c00 'java/lang/invoke/LambdaForm$MH+0x0000022781387c00'
Event: 4.006 Thread 0x00000227e91f0660 Unloading class 0x0000022781387000 'java/lang/invoke/LambdaForm$MH+0x0000022781387000'
Event: 4.006 Thread 0x00000227e91f0660 Unloading class 0x0000022781386800 'java/lang/invoke/LambdaForm$MH+0x0000022781386800'
Event: 4.006 Thread 0x00000227e91f0660 Unloading class 0x0000022781387400 'java/lang/invoke/LambdaForm$MH+0x0000022781387400'
Event: 4.006 Thread 0x00000227e91f0660 Unloading class 0x0000022781386c00 'java/lang/invoke/LambdaForm$MH+0x0000022781386c00'
Event: 4.006 Thread 0x00000227e91f0660 Unloading class 0x0000022781386000 'java/lang/invoke/LambdaForm$MH+0x0000022781386000'
Event: 4.006 Thread 0x00000227e91f0660 Unloading class 0x0000022781386400 'java/lang/invoke/LambdaForm$MH+0x0000022781386400'
Event: 4.006 Thread 0x00000227e91f0660 Unloading class 0x0000022781385c00 'java/lang/invoke/LambdaForm$MH+0x0000022781385c00'
Event: 4.006 Thread 0x00000227e91f0660 Unloading class 0x0000022781385400 'java/lang/invoke/LambdaForm$MH+0x0000022781385400'
Event: 4.006 Thread 0x00000227e91f0660 Unloading class 0x0000022781385000 'java/lang/invoke/LambdaForm$DMH+0x0000022781385000'
Event: 4.006 Thread 0x00000227e91f0660 Unloading class 0x0000022781384400 'java/lang/invoke/LambdaForm$DMH+0x0000022781384400'
Event: 4.006 Thread 0x00000227e91f0660 Unloading class 0x0000022781384800 'java/lang/invoke/LambdaForm$DMH+0x0000022781384800'
Event: 4.006 Thread 0x00000227e91f0660 Unloading class 0x0000022781384000 'java/lang/invoke/LambdaForm$DMH+0x0000022781384000'

Classes redefined (0 events):
No events

Internal exceptions (20 events):
Event: 4.775 Thread 0x00000227c9572170 Exception <a 'java/lang/ClassNotFoundException'{0x00000000d57f9bc8}: sun/util/logging/resources/spi/loggingProvider> (0x00000000d57f9bc8) 
thrown [s\src\hotspot\share\classfile\systemDictionary.cpp, line 312]
Event: 4.780 Thread 0x00000227c9572170 Exception <a 'java/lang/IncompatibleClassChangeError'{0x00000000d585ca48}: Found class java.lang.Object, but interface was expected> (0x00000000d585ca48) 
thrown [s\src\hotspot\share\interpreter\linkResolver.cpp, line 840]
Event: 4.783 Thread 0x00000227c9572170 Exception <a 'java/lang/IncompatibleClassChangeError'{0x00000000d586c628}: Found class java.lang.Object, but interface was expected> (0x00000000d586c628) 
thrown [s\src\hotspot\share\interpreter\linkResolver.cpp, line 840]
Event: 5.051 Thread 0x00000227c9572170 Exception <a 'java/lang/IncompatibleClassChangeError'{0x00000000d587ba70}: Found class java.lang.Object, but interface was expected> (0x00000000d587ba70) 
thrown [s\src\hotspot\share\interpreter\linkResolver.cpp, line 840]
Event: 5.086 Thread 0x00000227c9573bb0 Exception <a 'java/lang/NoSuchMethodError'{0x00000000d66dcb38}: 'int java.lang.invoke.Invokers$Holder.invokeExact_MT(java.lang.Object, java.lang.Object)'> (0x00000000d66dcb38) 
thrown [s\src\hotspot\share\interpreter\linkResolver.cpp, line 773]
Event: 5.122 Thread 0x00000227c9573bb0 Exception <a 'java/lang/NoSuchMethodError'{0x00000000d572b490}: 'int java.lang.invoke.DirectMethodHandle$Holder.invokeInterface(java.lang.Object, java.lang.Object)'> (0x00000000d572b490) 
thrown [s\src\hotspot\share\interpreter\linkResolver.cpp, line 773]
Event: 5.122 Thread 0x00000227c9573bb0 Exception <a 'java/lang/IncompatibleClassChangeError'{0x00000000d572e760}: Found class java.lang.Object, but interface was expected> (0x00000000d572e760) 
thrown [s\src\hotspot\share\interpreter\linkResolver.cpp, line 840]
Event: 5.166 Thread 0x00000227c9572e90 Exception <a 'java/lang/NoSuchMethodError'{0x00000000d5a16218}: 'java.lang.Object java.lang.invoke.DirectMethodHandle$Holder.invokeSpecial(java.lang.Object, java.lang.Object, int, long)'> (0x00000000d5a16218) 
thrown [s\src\hotspot\share\interpreter\linkResolver.cpp, line 773]
Event: 5.176 Thread 0x00000227c9573bb0 Exception <a 'java/lang/NoSuchMethodError'{0x00000000d5ad09f8}: 'int java.lang.invoke.DirectMethodHandle$Holder.invokeSpecialIFC(java.lang.Object, java.lang.Object, java.lang.Object)'> (0x00000000d5ad09f8) 
thrown [s\src\hotspot\share\interpreter\linkResolver.cpp, line 773]
Event: 5.229 Thread 0x00000227c9573bb0 Exception <a 'java/io/FileNotFoundException'{0x00000000d5cb28e0}> (0x00000000d5cb28e0) 
thrown [s\src\hotspot\share\prims\jni.cpp, line 520]
Event: 5.231 Thread 0x00000227c9573bb0 Exception <a 'java/io/FileNotFoundException'{0x00000000d5cb3b88}> (0x00000000d5cb3b88) 
thrown [s\src\hotspot\share\prims\jni.cpp, line 520]
Event: 5.561 Thread 0x00000227c9573bb0 Exception <a 'java/lang/NoSuchMethodError'{0x00000000d5df0168}: 'java.lang.Object java.lang.invoke.DirectMethodHandle$Holder.invokeStatic(java.lang.Object, int, java.lang.Object)'> (0x00000000d5df0168) 
thrown [s\src\hotspot\share\interpreter\linkResolver.cpp, line 773]
Event: 5.651 Thread 0x00000227c9573bb0 Exception <a 'java/lang/NoSuchMethodError'{0x00000000d619aed0}: 'java.lang.Object java.lang.invoke.DirectMethodHandle$Holder.invokeStatic(java.lang.Object, java.lang.Object, int, java.lang.Object, java.lang.Object)'> (0x00000000d619aed0) 
thrown [s\src\hotspot\share\interpreter\linkResolver.cpp, line 773]
Event: 5.776 Thread 0x00000227c9570dc0 Exception <a 'java/lang/NoSuchMethodError'{0x00000000d58ad0a8}: 'void java.lang.invoke.DirectMethodHandle$Holder.invokeVirtual(java.lang.Object, java.lang.Object, java.lang.Object, java.lang.Object, java.lang.Object)'> (0x00000000d58ad0a8) 
thrown [s\src\hotspot\share\interpreter\linkResolver.cpp, line 773]
Event: 5.995 Thread 0x00000227c9572e90 Exception <a 'java/io/FileNotFoundException'{0x00000000d59ab430}> (0x00000000d59ab430) 
thrown [s\src\hotspot\share\prims\jni.cpp, line 520]
Event: 5.995 Thread 0x00000227c9572e90 Exception <a 'java/io/FileNotFoundException'{0x00000000d59ac420}> (0x00000000d59ac420) 
thrown [s\src\hotspot\share\prims\jni.cpp, line 520]
Event: 5.995 Thread 0x00000227c9572e90 Exception <a 'java/io/FileNotFoundException'{0x00000000d59d6e80}> (0x00000000d59d6e80) 
thrown [s\src\hotspot\share\prims\jni.cpp, line 520]
Event: 13.327 Thread 0x00000227c9570dc0 Exception <a 'java/lang/NoSuchMethodError'{0x00000000d5db1ca0}: 'java.lang.Object java.lang.invoke.DirectMethodHandle$Holder.invokeStatic(java.lang.Object, java.lang.Object, int, int)'> (0x00000000d5db1ca0) 
thrown [s\src\hotspot\share\interpreter\linkResolver.cpp, line 773]
Event: 13.328 Thread 0x00000227c9570dc0 Exception <a 'java/lang/NoSuchMethodError'{0x00000000d5db65e8}: 'java.lang.Object java.lang.invoke.DirectMethodHandle$Holder.invokeSpecial(java.lang.Object, java.lang.Object, java.lang.Object, int, int)'> (0x00000000d5db65e8) 
thrown [s\src\hotspot\share\interpreter\linkResolver.cpp, line 773]
Event: 13.784 Thread 0x00000227c9570dc0 Exception <a 'java/lang/ArrayIndexOutOfBoundsException'{0x00000000d575d6a8}: Index 5872 out of bounds for length 5871> (0x00000000d575d6a8) 
thrown [s\src\hotspot\share\interpreter\interpreterRuntime.cpp, line 439]

ZGC Phase Switch (0 events):
No events

VM Operations (20 events):
Event: 5.638 Executing VM operation: HandshakeAllThreads (Deoptimize)
Event: 5.638 Executing VM operation: HandshakeAllThreads (Deoptimize) done
Event: 5.721 Executing VM operation: ParallelGCFailedAllocation (Allocation Failure)
Event: 5.724 Executing VM operation: ParallelGCFailedAllocation (Allocation Failure) done
Event: 5.810 Executing VM operation: ICBufferFull
Event: 5.810 Executing VM operation: ICBufferFull done
Event: 5.902 Executing VM operation: ICBufferFull
Event: 5.902 Executing VM operation: ICBufferFull done
Event: 5.923 Executing VM operation: ParallelGCFailedAllocation (Allocation Failure)
Event: 5.929 Executing VM operation: ParallelGCFailedAllocation (Allocation Failure) done
Event: 6.031 Executing VM operation: ICBufferFull
Event: 6.032 Executing VM operation: ICBufferFull done
Event: 6.105 Executing VM operation: ParallelGCFailedAllocation (Allocation Failure)
Event: 6.111 Executing VM operation: ParallelGCFailedAllocation (Allocation Failure) done
Event: 7.113 Executing VM operation: Cleanup
Event: 7.114 Executing VM operation: Cleanup done
Event: 13.352 Executing VM operation: ICBufferFull
Event: 13.352 Executing VM operation: ICBufferFull done
Event: 13.517 Executing VM operation: ParallelGCFailedAllocation (Allocation Failure)
Event: 13.522 Executing VM operation: ParallelGCFailedAllocation (Allocation Failure) done

Memory protections (0 events):
No events

Nmethod flushes (20 events):
Event: 4.013 Thread 0x00000227e91f0660 flushing  nmethod 0x00000227ec690290
Event: 4.013 Thread 0x00000227e91f0660 flushing  nmethod 0x00000227ec73ed10
Event: 4.013 Thread 0x00000227e91f0660 flushing  nmethod 0x00000227ec73f190
Event: 4.013 Thread 0x00000227e91f0660 flushing  nmethod 0x00000227ec73f910
Event: 4.013 Thread 0x00000227e91f0660 flushing  nmethod 0x00000227ec740290
Event: 4.013 Thread 0x00000227e91f0660 flushing  nmethod 0x00000227ec771d90
Event: 4.013 Thread 0x00000227e91f0660 flushing  nmethod 0x00000227ec772790
Event: 4.013 Thread 0x00000227e91f0660 flushing  nmethod 0x00000227ec777110
Event: 4.013 Thread 0x00000227e91f0660 flushing  nmethod 0x00000227ec799610
Event: 4.013 Thread 0x00000227e91f0660 flushing  nmethod 0x00000227ec7d5b90
Event: 4.013 Thread 0x00000227e91f0660 flushing  nmethod 0x00000227ec7d7b10
Event: 4.013 Thread 0x00000227e91f0660 flushing  nmethod 0x00000227ec7d9e10
Event: 4.013 Thread 0x00000227e91f0660 flushing  nmethod 0x00000227ec7da190
Event: 4.013 Thread 0x00000227e91f0660 flushing  nmethod 0x00000227ec7dd190
Event: 4.013 Thread 0x00000227e91f0660 flushing  nmethod 0x00000227ec7e4c90
Event: 4.013 Thread 0x00000227e91f0660 flushing  nmethod 0x00000227ec81d190
Event: 4.013 Thread 0x00000227e91f0660 flushing  nmethod 0x00000227ec81fa10
Event: 4.013 Thread 0x00000227e91f0660 flushing  nmethod 0x00000227ec833090
Event: 4.013 Thread 0x00000227e91f0660 flushing  nmethod 0x00000227ec835a90
Event: 4.013 Thread 0x00000227e91f0660 flushing  nmethod 0x00000227ec837010

Events (20 events):
Event: 2.895 Thread 0x00000227e6e02720 Thread added: 0x00000227c7df89c0
Event: 2.895 Thread 0x00000227e6e02720 Thread added: 0x00000227c7df6260
Event: 2.895 Thread 0x00000227e6e02720 Thread added: 0x00000227c7df9050
Event: 2.895 Thread 0x00000227e6e02720 Thread added: 0x00000227c7df6f80
Event: 2.896 Thread 0x00000227e6e02720 Thread added: 0x00000227c7df8330
Event: 2.896 Thread 0x00000227e6e02720 Thread added: 0x00000227c7df68f0
Event: 2.896 Thread 0x00000227e6e02720 Thread added: 0x00000227c7df7610
Event: 2.896 Thread 0x00000227e6e02720 Thread added: 0x00000227c7df7ca0
Event: 2.916 Thread 0x00000227e6e02720 Thread added: 0x00000227c9572800
Event: 3.034 Thread 0x00000227c7b625a0 Thread added: 0x00000227c9572e90
Event: 3.062 Thread 0x00000227e6e02720 Thread added: 0x00000227c9573520
Event: 3.063 Thread 0x00000227e6e02720 Thread added: 0x00000227c9572170
Event: 3.242 Thread 0x00000227c9572170 Thread added: 0x00000227c9573bb0
Event: 3.244 Thread 0x00000227c9572170 Thread added: 0x00000227c9574240
Event: 3.248 Thread 0x00000227c9572170 Thread added: 0x00000227c9570dc0
Event: 3.250 Thread 0x00000227c9572170 Thread added: 0x00000227c95748d0
Event: 4.416 Thread 0x00000227c7f0cb20 Thread added: 0x00000227c7c0c850
Event: 11.368 Thread 0x00000227c7c0c850 Thread exited: 0x00000227c7c0c850
Event: 13.195 Thread 0x00000227c7f0cb20 Thread exited: 0x00000227c7f0cb20
Event: 13.207 Thread 0x00000227e90fe440 Thread added: 0x00000227c7c0c850


Dynamic libraries:
0x00007ff638c60000 - 0x00007ff638c6e000 	c:\Users\abc\.vscode\extensions\redhat.java-1.47.0-win32-x64\jre\21.0.8-win32-x86_64\bin\java.exe
0x00007ffbcfd00000 - 0x00007ffbcff68000 	C:\WINDOWS\SYSTEM32\ntdll.dll
0x00007ffbced60000 - 0x00007ffbcee29000 	C:\WINDOWS\System32\KERNEL32.DLL
0x00007ffbcd4c0000 - 0x00007ffbcd8b8000 	C:\WINDOWS\System32\KERNELBASE.dll
0x00007ffbcd8c0000 - 0x00007ffbcda0b000 	C:\WINDOWS\System32\ucrtbase.dll
0x00007ffbb7780000 - 0x00007ffbb7798000 	c:\Users\abc\.vscode\extensions\redhat.java-1.47.0-win32-x64\jre\21.0.8-win32-x86_64\bin\jli.dll
0x00007ffbbb460000 - 0x00007ffbbb47e000 	c:\Users\abc\.vscode\extensions\redhat.java-1.47.0-win32-x64\jre\21.0.8-win32-x86_64\bin\VCRUNTIME140.dll
0x00007ffbce130000 - 0x00007ffbce2f7000 	C:\WINDOWS\System32\USER32.dll
0x00007ffbb2750000 - 0x00007ffbb29e4000 	C:\WINDOWS\WinSxS\amd64_microsoft.windows.common-controls_6595b64144ccf1df_6.0.26100.7019_none_3e06ffa0e335b8a8\COMCTL32.dll
0x00007ffbcd490000 - 0x00007ffbcd4b7000 	C:\WINDOWS\System32\win32u.dll
0x00007ffbcf9c0000 - 0x00007ffbcfa69000 	C:\WINDOWS\System32\msvcrt.dll
0x00007ffbce8c0000 - 0x00007ffbce8eb000 	C:\WINDOWS\System32\GDI32.dll
0x00007ffbcd2a0000 - 0x00007ffbcd3cc000 	C:\WINDOWS\System32\gdi32full.dll
0x00007ffbcce50000 - 0x00007ffbccef3000 	C:\WINDOWS\System32\msvcp_win.dll
0x00007ffbce8f0000 - 0x00007ffbce921000 	C:\WINDOWS\System32\IMM32.DLL
0x00007ffbc7870000 - 0x00007ffbc787c000 	c:\Users\abc\.vscode\extensions\redhat.java-1.47.0-win32-x64\jre\21.0.8-win32-x86_64\bin\vcruntime140_1.dll
0x00007ffbafa50000 - 0x00007ffbafadd000 	c:\Users\abc\.vscode\extensions\redhat.java-1.47.0-win32-x64\jre\21.0.8-win32-x86_64\bin\msvcp140.dll
0x00007ffb5ab70000 - 0x00007ffb5b907000 	c:\Users\abc\.vscode\extensions\redhat.java-1.47.0-win32-x64\jre\21.0.8-win32-x86_64\bin\server\jvm.dll
0x00007ffbcf700000 - 0x00007ffbcf7b4000 	C:\WINDOWS\System32\ADVAPI32.dll
0x00007ffbcfc10000 - 0x00007ffbcfcb6000 	C:\WINDOWS\System32\sechost.dll
0x00007ffbce690000 - 0x00007ffbce7a8000 	C:\WINDOWS\System32\RPCRT4.dll
0x00007ffbceab0000 - 0x00007ffbceb24000 	C:\WINDOWS\System32\WS2_32.dll
0x00007ffbcccb0000 - 0x00007ffbccd0e000 	C:\WINDOWS\SYSTEM32\POWRPROF.dll
0x00007ffbc22c0000 - 0x00007ffbc22f5000 	C:\WINDOWS\SYSTEM32\WINMM.dll
0x00007ffbbab50000 - 0x00007ffbbab5b000 	C:\WINDOWS\SYSTEM32\VERSION.dll
0x00007ffbccc90000 - 0x00007ffbccca4000 	C:\WINDOWS\SYSTEM32\UMPDC.dll
0x00007ffbcbc10000 - 0x00007ffbcbc2b000 	C:\WINDOWS\SYSTEM32\kernel.appcore.dll
0x00007ffbbb720000 - 0x00007ffbbb72a000 	c:\Users\abc\.vscode\extensions\redhat.java-1.47.0-win32-x64\jre\21.0.8-win32-x86_64\bin\jimage.dll
0x00007ffbca0d0000 - 0x00007ffbca312000 	C:\WINDOWS\SYSTEM32\DBGHELP.DLL
0x00007ffbce300000 - 0x00007ffbce68b000 	C:\WINDOWS\System32\combase.dll
0x00007ffbce9d0000 - 0x00007ffbceaa7000 	C:\WINDOWS\System32\OLEAUT32.dll
0x00007ffbadfa0000 - 0x00007ffbadfdc000 	C:\WINDOWS\SYSTEM32\dbgcore.DLL
0x00007ffbccf00000 - 0x00007ffbccfa5000 	C:\WINDOWS\System32\bcryptPrimitives.dll
0x00007ffbb7820000 - 0x00007ffbb782f000 	c:\Users\abc\.vscode\extensions\redhat.java-1.47.0-win32-x64\jre\21.0.8-win32-x86_64\bin\instrument.dll
0x00007ffbb6f30000 - 0x00007ffbb6f4f000 	c:\Users\abc\.vscode\extensions\redhat.java-1.47.0-win32-x64\jre\21.0.8-win32-x86_64\bin\java.dll
0x00007ffbceef0000 - 0x00007ffbcf641000 	C:\WINDOWS\System32\SHELL32.dll
0x00007ffbccfb0000 - 0x00007ffbcd11b000 	C:\WINDOWS\System32\wintypes.dll
0x00007ffbcaa90000 - 0x00007ffbcb2ed000 	C:\WINDOWS\SYSTEM32\windows.storage.dll
0x00007ffbcf7c0000 - 0x00007ffbcf8b2000 	C:\WINDOWS\System32\SHCORE.dll
0x00007ffbce930000 - 0x00007ffbce997000 	C:\WINDOWS\System32\shlwapi.dll
0x00007ffbccd70000 - 0x00007ffbccd99000 	C:\WINDOWS\SYSTEM32\profapi.dll
0x00007ffbb6ed0000 - 0x00007ffbb6ee8000 	c:\Users\abc\.vscode\extensions\redhat.java-1.47.0-win32-x64\jre\21.0.8-win32-x86_64\bin\zip.dll
0x00007ffbb6e60000 - 0x00007ffbb6e70000 	C:\Users\abc\.vscode\extensions\redhat.java-1.47.0-win32-x64\jre\21.0.8-win32-x86_64\bin\net.dll
0x00007ffbc2190000 - 0x00007ffbc22b8000 	C:\WINDOWS\SYSTEM32\WINHTTP.dll
0x00007ffbcc180000 - 0x00007ffbcc1eb000 	C:\WINDOWS\system32\mswsock.dll
0x00007ffbb6d20000 - 0x00007ffbb6d36000 	C:\Users\abc\.vscode\extensions\redhat.java-1.47.0-win32-x64\jre\21.0.8-win32-x86_64\bin\nio.dll
0x00007ffbb6c90000 - 0x00007ffbb6ca0000 	c:\Users\abc\.vscode\extensions\redhat.java-1.47.0-win32-x64\jre\21.0.8-win32-x86_64\bin\verify.dll
0x00007ffbb4b80000 - 0x00007ffbb4bc4000 	C:\Users\abc\AppData\Roaming\Code\User\globalStorage\redhat.java\1.47.0\config_ss_win\org.eclipse.equinox.launcher\org.eclipse.equinox.launcher.win32.win32.x86_64_1.2.1400.v20250801-0854\eclipse_11916.dll
0x00007ffbcfa70000 - 0x00007ffbcfc07000 	C:\WINDOWS\System32\ole32.dll
0x00007ffbcc440000 - 0x00007ffbcc45b000 	C:\WINDOWS\SYSTEM32\CRYPTSP.dll
0x00007ffbcbb70000 - 0x00007ffbcbbaa000 	C:\WINDOWS\system32\rsaenh.dll
0x00007ffbcc230000 - 0x00007ffbcc25b000 	C:\WINDOWS\SYSTEM32\USERENV.dll
0x00007ffbccd40000 - 0x00007ffbccd6a000 	C:\WINDOWS\SYSTEM32\bcrypt.dll
0x00007ffbcc460000 - 0x00007ffbcc46c000 	C:\WINDOWS\SYSTEM32\CRYPTBASE.dll
0x00007ffbcb610000 - 0x00007ffbcb644000 	C:\WINDOWS\SYSTEM32\IPHLPAPI.DLL
0x00007ffbce8b0000 - 0x00007ffbce8ba000 	C:\WINDOWS\System32\NSI.dll
0x00007ffbb0420000 - 0x00007ffbb0469000 	D:\Temp\jna-96354\jna9222731355983813679.dll
0x00007ffbcf920000 - 0x00007ffbcf928000 	C:\WINDOWS\System32\PSAPI.DLL
0x00007ffbc4af0000 - 0x00007ffbc4b0e000 	C:\WINDOWS\SYSTEM32\dhcpcsvc6.DLL
0x00007ffbc4ac0000 - 0x00007ffbc4ae3000 	C:\WINDOWS\SYSTEM32\dhcpcsvc.DLL

JVMTI agents:
c:\Users\abc\.vscode\extensions\redhat.java-1.47.0-win32-x64\lombok\lombok-1.18.39-4050.jar path:c:\Users\abc\.vscode\extensions\redhat.java-1.47.0-win32-x64\jre\21.0.8-win32-x86_64\bin\instrument.dll, loaded, initialized, instrumentlib options:none

dbghelp: loaded successfully - version: 4.0.5 - missing functions: none
symbol engine: initialized successfully - sym options: 0x614 - pdb path: .;c:\Users\abc\.vscode\extensions\redhat.java-1.47.0-win32-x64\jre\21.0.8-win32-x86_64\bin;C:\WINDOWS\SYSTEM32;C:\WINDOWS\WinSxS\amd64_microsoft.windows.common-controls_6595b64144ccf1df_6.0.26100.7019_none_3e06ffa0e335b8a8;c:\Users\abc\.vscode\extensions\redhat.java-1.47.0-win32-x64\jre\21.0.8-win32-x86_64\bin\server;C:\Users\abc\AppData\Roaming\Code\User\globalStorage\redhat.java\1.47.0\config_ss_win\org.eclipse.equinox.launcher\org.eclipse.equinox.launcher.win32.win32.x86_64_1.2.1400.v20250801-0854;D:\Temp\jna-96354

VM Arguments:
jvm_args: --add-modules=ALL-SYSTEM --add-opens=java.base/java.util=ALL-UNNAMED --add-opens=java.base/java.lang=ALL-UNNAMED --add-opens=java.base/sun.nio.fs=ALL-UNNAMED -Declipse.application=org.eclipse.jdt.ls.core.id1 -Dosgi.bundles.defaultStartLevel=4 -Declipse.product=org.eclipse.jdt.ls.core.product -Djava.import.generatesMetadataFilesAtProjectRoot=false -DDetectVMInstallationsJob.disabled=true -Dfile.encoding=utf8 -XX:+UseParallelGC -XX:GCTimeRatio=4 -XX:AdaptiveSizePolicyWeight=90 -Dsun.zip.disableMemoryMapping=true -Xmx2G -Xms100m -Xlog:disable -javaagent:c:\Users\abc\.vscode\extensions\redhat.java-1.47.0-win32-x64\lombok\lombok-1.18.39-4050.jar 
java_command: c:\Users\abc\.vscode\extensions\redhat.java-1.47.0-win32-x64\server\plugins\org.eclipse.equinox.launcher_1.7.100.v20251014-1222.jar -configuration c:\Users\abc\AppData\Roaming\Code\User\globalStorage\redhat.java\1.47.0\config_ss_win -data c:\Users\abc\AppData\Roaming\Code\User\workspaceStorage\185489f4c301f247c4d9f6370863928d\redhat.java\ss_ws --pipe=\\.\pipe\lsp-1a21561cf1e5320a09efb95eaf8058f4-sock
java_class_path (initial): c:\Users\abc\.vscode\extensions\redhat.java-1.47.0-win32-x64\server\plugins\org.eclipse.equinox.launcher_1.7.100.v20251014-1222.jar
Launcher Type: SUN_STANDARD

[Global flags]
    uintx AdaptiveSizePolicyWeight                 = 90                                        {product} {command line}
     intx CICompilerCount                          = 4                                         {product} {ergonomic}
    uintx GCTimeRatio                              = 4                                         {product} {command line}
   size_t InitialHeapSize                          = 104857600                                 {product} {command line}
   size_t MaxHeapSize                              = 2147483648                                {product} {command line}
   size_t MaxNewSize                               = 715653120                                 {product} {ergonomic}
   size_t MinHeapDeltaBytes                        = 524288                                    {product} {ergonomic}
   size_t MinHeapSize                              = 104857600                                 {product} {command line}
   size_t NewSize                                  = 34603008                                  {product} {ergonomic}
    uintx NonNMethodCodeHeapSize                   = 5839372                                {pd product} {ergonomic}
    uintx NonProfiledCodeHeapSize                  = 122909434                              {pd product} {ergonomic}
   size_t OldSize                                  = 70254592                                  {product} {ergonomic}
    uintx ProfiledCodeHeapSize                     = 122909434                              {pd product} {ergonomic}
    uintx ReservedCodeCacheSize                    = 251658240                              {pd product} {ergonomic}
     bool SegmentedCodeCache                       = true                                      {product} {ergonomic}
   size_t SoftMaxHeapSize                          = 2147483648                             {manageable} {ergonomic}
     bool UseCompressedOops                        = true                           {product lp64_product} {ergonomic}
     bool UseLargePagesIndividualAllocation        = false                                  {pd product} {ergonomic}
     bool UseParallelGC                            = true                                      {product} {command line}

Logging:
Log output configuration:
 #0: stdout all=off uptime,level,tags foldmultilines=false
 #1: stderr all=off uptime,level,tags foldmultilines=false

Environment Variables:
JAVA_HOME=C:\Program Files\Eclipse Adoptium\jdk-17.0.8.101-hotspot
PATH=C:\Program Files\Eclipse Adoptium\jdk-17.0.8.101-hotspot\bin;C:\Program Files\Common Files\Oracle\Java\javapath;C:\Windows\system32;C:\Windows;C:\Windows\System32\Wbem;C:\Windows\System32\WindowsPowerShell\v1.0\;C:\Windows\System32\OpenSSH\;C:\Program Files\dotnet\;C:\Program Files (x86)\Microsoft SQL Server\160\Tools\Binn\;C:\Program Files\Microsoft SQL Server\160\Tools\Binn\;C:\Program Files\Microsoft SQL Server\Client SDK\ODBC\170\Tools\Binn\;C:\Program Files\Microsoft SQL Server\160\DTS\Binn\;C:\Program Files (x86)\Microsoft SQL Server\160\DTS\Binn\;C:\Program Files\Azure Data Studio\bin;C:\Program Files\Git\cmd;D:\common;C:\Users\abc\AppData\Roaming\Microsoft\Windows\Start Menu\Programs\Python 3.13;D:\Download_from_EdgeMicosoft\apache-maven-3.8.8\bin;C:\Program Files (x86)\NVIDIA Corporation\PhysX\Common;C:\Program Files\Microsoft SQL Server\150\Tools\Binn\;C:\WINDOWS\system32;C:\WINDOWS;C:\WINDOWS\System32\Wbem;C:\WINDOWS\System32\WindowsPowerShell\v1.0\;C:\WINDOWS\System32\OpenSSH\;C:\Program Files\Eclipse Adoptium\jdk-17.0.8.101-hotspot\bin;;C:\Program Files\NVIDIA Corporation\NVIDIA App\NvDLISR;D:\Ci d?t App\NodeJS_Installation\;C:\Users\abc\AppData\Local\Programs\Python\Python313\Scripts\;C:\Users\abc\AppData\Local\Programs\Python\Python313\;C:\Users\abc\AppData\Local\Programs\Python\Launcher\;C:\Users\abc\AppData\Local\Microsoft\WindowsApps;"C:\Users\abc\AppData\Local\Programs\Microsoft VS Code\bin;D:\Download_from_EdgeMicosoft\apache-maven-3.8.8\bin";C:\Program Files\Azure Data Studio\bin;D:\Download_from_EdgeMicosoft\apache-maven-3.8.8\bin;C:\Users\abc\AppData\Local\Programs\Microsoft VS Code\bin;C:\Users\abc\.dotnet\tools;C:\Users\abc\AppData\Roaming\npm
USERNAME=abc
OS=Windows_NT
PROCESSOR_IDENTIFIER=Intel64 Family 6 Model 140 Stepping 1, GenuineIntel
TMP=D:\Temp
TEMP=D:\Temp




Periodic native trim disabled

---------------  S Y S T E M  ---------------

OS:
 Windows 11 , 64 bit Build 26100 (10.0.26100.7019)
OS uptime: 6 days 3:33 hours

CPU: total 8 (initial active 8) (4 cores per cpu, 2 threads per core) family 6 model 140 stepping 1 microcode 0xbc, cx8, cmov, fxsr, ht, mmx, 3dnowpref, sse, sse2, sse3, ssse3, sse4.1, sse4.2, popcnt, lzcnt, tsc, tscinvbit, avx, avx2, aes, erms, clmul, bmi1, bmi2, adx, avx512f, avx512dq, avx512cd, avx512bw, avx512vl, sha, fma, vzeroupper, avx512_vpopcntdq, avx512_vpclmulqdq, avx512_vaes, avx512_vnni, clflush, clflushopt, clwb, avx512_vbmi2, avx512_vbmi, rdtscp, rdpid, fsrm, gfni, avx512_bitalg, f16c, pku, cet_ibt, cet_ss, avx512_ifma
Processor Information for the first 8 processors :
  Max Mhz: 2419, Current Mhz: 2419, Mhz Limit: 2419

Memory: 4k page, system-wide physical 7914M (518M free)
TotalPageFile size 30185M (AvailPageFile size 8M)
current process WorkingSet (physical memory assigned to process): 242M, peak: 246M
current process commit charge ("private bytes"): 340M, peak: 350M

vm_info: OpenJDK 64-Bit Server VM (21.0.8+9-LTS) for windows-amd64 JRE (21.0.8+9-LTS), built on 2025-07-15T00:00:00Z by "admin" with MS VC++ 17.7 (VS2022)

END.
